<?xml version="1.0" encoding="UTF-8"?>
<testsuite xmlns:xsi="http://www.w3.org/2001/XMLSchema-instance" xsi:noNamespaceSchemaLocation="https://maven.apache.org/surefire/maven-surefire-plugin/xsd/surefire-test-report-3.0.xsd" version="3.0" name="edu.bu.met.cs665.TestDiagrammingApp" time="0.028" tests="5" errors="0" skipped="0" failures="0">
  <properties>
    <property name="java.specification.version" value="19"/>
    <property name="sun.jnu.encoding" value="UTF-8"/>
    <property name="java.class.path" value="/Users/mingjiagong/Desktop/665/final project/target/test-classes:/Users/mingjiagong/Desktop/665/final project/target/classes:/Users/mingjiagong/.m2/repository/junit/junit/4.13.1/junit-4.13.1.jar:/Users/mingjiagong/.m2/repository/org/hamcrest/hamcrest-core/1.3/hamcrest-core-1.3.jar:/Users/mingjiagong/.m2/repository/org/apache/logging/log4j/log4j-core/2.19.0/log4j-core-2.19.0.jar:/Users/mingjiagong/.m2/repository/org/apache/logging/log4j/log4j-api/2.19.0/log4j-api-2.19.0.jar:"/>
    <property name="java.vm.vendor" value="Homebrew"/>
    <property name="sun.arch.data.model" value="64"/>
    <property name="java.vendor.url" value="https://github.com/Homebrew/homebrew-core/issues"/>
    <property name="os.name" value="Mac OS X"/>
    <property name="java.vm.specification.version" value="19"/>
    <property name="sun.java.launcher" value="SUN_STANDARD"/>
    <property name="user.country" value="US"/>
    <property name="sun.boot.library.path" value="/opt/homebrew/Cellar/openjdk/19.0.2/libexec/openjdk.jdk/Contents/Home/lib"/>
    <property name="sun.java.command" value="/Users/mingjiagong/Desktop/665/final project/target/surefire/surefirebooter-20230427164726782_3.jar /Users/mingjiagong/Desktop/665/final project/target/surefire 2023-04-27T16-47-26_732-jvmRun1 surefire-20230427164726782_1tmp surefire_0-20230427164726782_2tmp"/>
    <property name="jdk.debug" value="release"/>
    <property name="surefire.test.class.path" value="/Users/mingjiagong/Desktop/665/final project/target/test-classes:/Users/mingjiagong/Desktop/665/final project/target/classes:/Users/mingjiagong/.m2/repository/junit/junit/4.13.1/junit-4.13.1.jar:/Users/mingjiagong/.m2/repository/org/hamcrest/hamcrest-core/1.3/hamcrest-core-1.3.jar:/Users/mingjiagong/.m2/repository/org/apache/logging/log4j/log4j-core/2.19.0/log4j-core-2.19.0.jar:/Users/mingjiagong/.m2/repository/org/apache/logging/log4j/log4j-api/2.19.0/log4j-api-2.19.0.jar:"/>
    <property name="sun.cpu.endian" value="little"/>
    <property name="user.home" value="/Users/mingjiagong"/>
    <property name="user.language" value="zh"/>
    <property name="java.specification.vendor" value="Oracle Corporation"/>
    <property name="java.version.date" value="2023-01-17"/>
    <property name="java.home" value="/opt/homebrew/Cellar/openjdk/19.0.2/libexec/openjdk.jdk/Contents/Home"/>
    <property name="file.separator" value="/"/>
    <property name="basedir" value="/Users/mingjiagong/Desktop/665/final project"/>
    <property name="java.vm.compressedOopsMode" value="Zero based"/>
    <property name="line.separator" value="&#10;"/>
    <property name="java.vm.specification.vendor" value="Oracle Corporation"/>
    <property name="java.specification.name" value="Java Platform API Specification"/>
    <property name="apple.awt.application.name" value="ForkedBooter"/>
    <property name="surefire.real.class.path" value="/Users/mingjiagong/Desktop/665/final project/target/surefire/surefirebooter-20230427164726782_3.jar"/>
    <property name="user.script" value="Hans"/>
    <property name="sun.management.compiler" value="HotSpot 64-Bit Tiered Compilers"/>
    <property name="java.runtime.version" value="19.0.2"/>
    <property name="user.name" value="mingjiagong"/>
    <property name="stdout.encoding" value="UTF-8"/>
    <property name="path.separator" value=":"/>
    <property name="os.version" value="13.0.1"/>
    <property name="java.runtime.name" value="OpenJDK Runtime Environment"/>
    <property name="file.encoding" value="UTF-8"/>
    <property name="java.vm.name" value="OpenJDK 64-Bit Server VM"/>
    <property name="java.vendor.version" value="Homebrew"/>
    <property name="localRepository" value="/Users/mingjiagong/.m2/repository"/>
    <property name="java.vendor.url.bug" value="https://github.com/Homebrew/homebrew-core/issues"/>
    <property name="java.io.tmpdir" value="/var/folders/4w/fv6c1mz936j6dj39njr6s4740000gp/T/"/>
    <property name="java.version" value="19.0.2"/>
    <property name="user.dir" value="/Users/mingjiagong/Desktop/665/final project"/>
    <property name="os.arch" value="aarch64"/>
    <property name="java.vm.specification.name" value="Java Virtual Machine Specification"/>
    <property name="native.encoding" value="UTF-8"/>
    <property name="java.library.path" value="/Users/mingjiagong/Library/Java/Extensions:/Library/Java/Extensions:/Network/Library/Java/Extensions:/System/Library/Java/Extensions:/usr/lib/java:."/>
    <property name="java.vm.info" value="mixed mode, sharing"/>
    <property name="stderr.encoding" value="UTF-8"/>
    <property name="java.vendor" value="Homebrew"/>
    <property name="java.vm.version" value="19.0.2"/>
    <property name="sun.io.unicode.encoding" value="UnicodeBig"/>
    <property name="java.class.version" value="63.0"/>
  </properties>
  <testcase name="testTriangle" classname="edu.bu.met.cs665.TestDiagrammingApp" time="0.005">
    <system-out><![CDATA[Triangle create successfully
Triangle copy successfully
]]></system-out>
  </testcase>
  <testcase name="testHeart" classname="edu.bu.met.cs665.TestDiagrammingApp" time="0.001">
    <system-out><![CDATA[Heart create successfully
Heart copy successfully
]]></system-out>
  </testcase>
  <testcase name="testStar" classname="edu.bu.met.cs665.TestDiagrammingApp" time="0">
    <system-out><![CDATA[Star create successfully
Star copy successfully
]]></system-out>
  </testcase>
  <testcase name="testCircle" classname="edu.bu.met.cs665.TestDiagrammingApp" time="0">
    <system-out><![CDATA[Circle create successfully
Circle copy successfully
]]></system-out>
  </testcase>
  <testcase name="testRectangle" classname="edu.bu.met.cs665.TestDiagrammingApp" time="0">
    <system-out><![CDATA[Rectangle create successfully
Rectangle copy successfully
]]></system-out>
  </testcase>
</testsuite>